timestamp: 2024-10-15T20:56:31.671619
CREATE TABLE "auth_user"(
    "id" INTEGER PRIMARY KEY AUTOINCREMENT,
    "first_name" CHAR(128),
    "last_name" CHAR(128),
    "email" CHAR(512),
    "password" CHAR(512),
    "registration_key" CHAR(512),
    "reset_password_key" CHAR(512),
    "registration_id" CHAR(512)
);
success!
timestamp: 2024-10-15T20:56:31.701900
CREATE TABLE "auth_group"(
    "id" INTEGER PRIMARY KEY AUTOINCREMENT,
    "role" CHAR(512),
    "description" TEXT
);
success!
timestamp: 2024-10-15T20:56:31.708287
CREATE TABLE "auth_membership"(
    "id" INTEGER PRIMARY KEY AUTOINCREMENT,
    "user_id" INTEGER REFERENCES "auth_user" ("id") ON DELETE CASCADE  ,
    "group_id" INTEGER REFERENCES "auth_group" ("id") ON DELETE CASCADE  
);
success!
timestamp: 2024-10-15T20:56:31.713286
CREATE TABLE "auth_permission"(
    "id" INTEGER PRIMARY KEY AUTOINCREMENT,
    "group_id" INTEGER REFERENCES "auth_group" ("id") ON DELETE CASCADE  ,
    "name" CHAR(512),
    "table_name" CHAR(512),
    "record_id" INTEGER
);
success!
timestamp: 2024-10-15T20:56:31.719285
CREATE TABLE "auth_event"(
    "id" INTEGER PRIMARY KEY AUTOINCREMENT,
    "time_stamp" TIMESTAMP,
    "client_ip" CHAR(512),
    "user_id" INTEGER REFERENCES "auth_user" ("id") ON DELETE CASCADE  ,
    "origin" CHAR(512),
    "description" TEXT
);
success!
timestamp: 2024-10-15T20:56:31.724957
CREATE TABLE "auth_cas"(
    "id" INTEGER PRIMARY KEY AUTOINCREMENT,
    "user_id" INTEGER REFERENCES "auth_user" ("id") ON DELETE CASCADE  ,
    "created_on" TIMESTAMP,
    "service" CHAR(512),
    "ticket" CHAR(512),
    "renew" CHAR(1)
);
success!
timestamp: 2024-10-19T12:57:48.641478
CREATE TABLE `permission_groups`(
    `id` INT AUTO_INCREMENT NOT NULL,
    `cid` VARCHAR(10),
    `project` VARCHAR(100),
    `group_name` VARCHAR(100),
    `status` VARCHAR(10),
    PRIMARY KEY (`id`)
) ENGINE=InnoDB CHARACTER SET utf8;
success!
timestamp: 2024-10-19T12:57:48.688351
CREATE TABLE `permissions`(
    `id` INT AUTO_INCREMENT NOT NULL,
    `cid` VARCHAR(10),
    `group_id` INTEGER,
    `permission` VARCHAR(200),
    `status` VARCHAR(10),
    PRIMARY KEY (`id`)
) ENGINE=InnoDB CHARACTER SET utf8;
success!
timestamp: 2024-10-19T12:57:48.705988
CREATE TABLE `role_has_permissions`(
    `id` INT AUTO_INCREMENT NOT NULL,
    `cid` VARCHAR(10),
    `group_id` INTEGER,
    `permission_id` VARCHAR(200),
    `role` VARCHAR(200),
    `status` VARCHAR(10),
    PRIMARY KEY (`id`)
) ENGINE=InnoDB CHARACTER SET utf8;
success!
timestamp: 2024-10-19T12:57:48.720001
CREATE TABLE `users`(
    `id` INT AUTO_INCREMENT NOT NULL,
    `cid` VARCHAR(10),
    `username` VARCHAR(100),
    `email` VARCHAR(100),
    `mobile` VARCHAR(15),
    `password` VARCHAR(15),
    `password_expire_date` DATE,
    `pin_status` VARCHAR(10),
    `pin` VARCHAR(10),
    `first_name` VARCHAR(100),
    `last_name` VARCHAR(100),
    `full_name` VARCHAR(100),
    `address` VARCHAR(100),
    `image` VARCHAR(100),
    `role_id` INTEGER,
    `role` VARCHAR(200),
    `status` VARCHAR(10),
    PRIMARY KEY (`id`)
) ENGINE=InnoDB CHARACTER SET utf8;
success!
